commit 89c0a20fa4e3b4e61b7159543226eceededad752
Author: Brandon <brandon@BrandonLaptop.localdomain>
Date:   Wed Oct 7 19:24:09 2020 -0500

    updated bkh_status.txt

commit 1c39db1363cfa23b3f61a9425378d953aa84a913
Author: Brandon <brandon@BrandonLaptop.localdomain>
Date:   Wed Oct 7 17:35:27 2020 -0500

    added bkh_thoughts.txt and bkh_status.txt

commit cad3c579b9d8378d0fde97b0e001d0fa1ac5ae43
Author: Brandon <brandon@BrandonLaptop.localdomain>
Date:   Wed Oct 7 17:26:25 2020 -0500

    added line to Katherine.txt

commit 9ab34564cedc68219225bcf32ae6ca19423964cb
Author: Katherine Doan <kad2852@login4.frontera.tacc.utexas.edu>
Date:   Thu Oct 1 23:20:58 2020 -0500

    add Katherine.txt

commit d34c0a05955b1428e628eb004722ec9c5a643e7a
Author: Katherine Doan <kad2852@login3.frontera.tacc.utexas.edu>
Date:   Thu Oct 1 15:17:27 2020 -0500

    Edited BrandonHardy.txt

commit cdf346bdd64a1aaae635a3de3870e622d83be9b2
Author: Katherine Doan <kad2852@login3.frontera.tacc.utexas.edu>
Date:   Thu Oct 1 15:15:53 2020 -0500

    removed Katherine.txt

commit 8ed1f5226569a059281cb2134a8a6736220f7139
Merge: bdcb180 8a62964
Author: Brandon <brandon@BrandonLaptop.localdomain>
Date:   Thu Oct 1 15:09:57 2020 -0500

    Merge branch 'master' of https://github.com/b-k-hardy/Oct1Demo

commit bdcb180c4b7f06d2fcba8adfa85956c42cca78cd
Author: Brandon <brandon@BrandonLaptop.localdomain>
Date:   Thu Oct 1 15:06:11 2020 -0500

    added my name file

commit 8a62964bf60fdcb3300643babb8c076e7d6cef00
Author: Katherine Doan <kad2852@login3.frontera.tacc.utexas.edu>
Date:   Thu Oct 1 14:54:11 2020 -0500

    adding Katherine.txt file
